[2019-02-09 12:11:00] dyd-backend-app.INFO: Ingreso | mrivas [] {"uid":"e3c3159"}
[2019-02-09 12:11:01] dyd-backend-app.INFO: Ingreso | mrivas [] {"uid":"d44d416"}
[2019-02-09 12:11:51] dyd-backend-app.INFO: Ingreso | mrivas [] {"uid":"f27b1d6"}
[2019-02-09 12:11:55] dyd-backend-app.INFO: Ingreso | mrivas [] {"uid":"d84a38e"}
[2019-02-09 12:11:56] dyd-backend-app.INFO: Ingreso | mrivas [] {"uid":"721cae5"}
[2019-02-09 17:24:21] dyd-backend-app.INFO: Ingreso | mrivas [] {"uid":"1c7f301"}
[2019-02-09 17:27:54] dyd-backend-app.INFO: Ingreso | mrivas [] {"uid":"4670102"}
[2019-02-09 17:30:46] dyd-backend-app.INFO: Ingreso | mrivas [] {"uid":"fbfea5c"}
[2019-02-09 21:29:29] dyd-backend-app.INFO: Ingreso | mrivas [] {"uid":"9ec84cd"}
[2019-02-10 18:47:07] dyd-backend-app.INFO: Ingreso | mrivas [] {"uid":"f528fc2"}
[2019-02-11 09:39:16] dyd-backend-app.INFO: Ingreso | mrivas [] {"uid":"0a8b3c1"}
[2019-02-12 09:33:58] dyd-backend-app.INFO: Ingreso | mrivas [] {"uid":"0f3ef18"}
[2019-02-12 10:25:16] dyd-backend-app.INFO: Ingreso | mrivas [] {"uid":"c48c0f4"}
[2019-02-12 13:49:36] dyd-backend-app.INFO: Ingreso | mrivas [] {"uid":"9d7130b"}
[2019-02-13 11:41:44] dyd-backend-app.INFO: Ingreso | mrivas [] {"uid":"fcb7477"}
[2019-02-13 18:32:30] dyd-backend-app.INFO: Ingreso | mrivas [] {"uid":"118ada9"}
[2019-02-13 21:42:38] dyd-backend-app.INFO: Ingreso | mrivas [] {"uid":"ad82364"}
[2019-02-14 20:52:28] dyd-backend-app.INFO: Ingreso | mrivas [] {"uid":"412652f"}
[2019-02-15 19:11:16] dyd-backend-app.INFO: Ingreso | mrivas [] {"uid":"a5b48e4"}
[2019-02-15 20:13:31] dyd-backend-app.INFO: Ingreso | mrivas [] {"uid":"3492725"}
[2019-02-16 01:50:18] dyd-backend-app.INFO: Ingreso | mrivas [] {"uid":"513c058"}
[2019-02-16 12:53:40] dyd-backend-app.INFO: Ingreso | mrivas [] {"uid":"25759e4"}
[2019-02-18 07:59:49] dyd-backend-app.INFO: Ingreso | mrivas [] {"uid":"b457e7f"}
[2019-02-19 14:15:42] dyd-backend-app.INFO: Ingreso | mrivas [] {"uid":"54af4d1"}
[2019-02-19 17:23:47] dyd-backend-app.INFO: Ingreso | mrivas [] {"uid":"4f23015"}
[2019-02-19 17:38:48] dyd-backend-app.INFO: Ingreso | mrivas [] {"uid":"2b7b550"}
[2019-02-19 17:38:48] dyd-backend-app.INFO: Ingreso | mrivas [] {"uid":"2421e70"}
[2019-02-28 14:49:03] dyd-backend-app.INFO: Ingreso | mrivas [] {"uid":"105a2b9"}
[2019-02-28 16:16:45] dyd-backend-app.INFO: Eliminacion de publicacion | mrivas [] {"uid":"d38655d"}
[2019-02-28 16:18:01] dyd-backend-app.INFO: Eliminacion de publicacion | mrivas [] {"uid":"26b8e5f"}
[2019-02-28 16:22:30] dyd-backend-app.INFO: Ingreso | mrivas [] {"uid":"cb50616"}
[2019-03-01 07:58:50] dyd-backend-app.INFO: Ingreso | mrivas [] {"uid":"60bb53a"}
[2019-03-02 08:04:39] dyd-backend-app.INFO: Saludo matt [] {"uid":"59ac70e"}
[2019-03-02 08:05:08] dyd-backend-app.INFO: Ingreso | mrivas [] {"uid":"59fbdc0"}
[2019-03-02 08:45:33] dyd-backend-app.INFO: Eliminacion de curso | mrivas [] {"uid":"652322a"}
[2019-03-02 08:46:55] dyd-backend-app.INFO: Eliminacion de curso | mrivas [] {"uid":"e8d832b"}
[2019-03-02 09:02:41] dyd-backend-app.INFO: Eliminacion de servicio | mrivas [] {"uid":"1dbd90f"}
[2019-03-02 09:04:34] dyd-backend-app.INFO: Eliminacion de servicio | mrivas [] {"uid":"9bc7783"}
<<<<<<< HEAD
[2019-03-04 16:17:43] dyd-backend-app.INFO: Ingreso | mrivas [] {"uid":"c64c3c6"}
[2019-03-04 16:17:43] dyd-backend-app.INFO: Ingreso | mrivas [] {"uid":"bad24d1"}
[2019-03-06 15:16:45] dyd-backend-app.INFO: Ingreso | mrivas [] {"uid":"de75b3a"}
=======
[2019-03-03 15:31:04] dyd-backend-app.INFO: Ingreso | mrivas [] {"uid":"de128a5"}
[2019-03-03 16:50:00] dyd-backend-app.INFO: Eliminacion de documentacion institucional | mrivas [] {"uid":"795814d"}
[2019-03-03 16:50:01] dyd-backend-app.INFO: Eliminacion de documentacion institucional | mrivas [] {"uid":"cc12151"}
[2019-03-03 16:50:01] dyd-backend-app.INFO: Eliminacion de documentacion institucional | mrivas [] {"uid":"1dc438c"}
[2019-03-03 17:18:21] dyd-backend-app.INFO: Eliminacion de documentacion institucional | mrivas [] {"uid":"63ebbb4"}
[2019-03-03 17:21:29] dyd-backend-app.INFO: Eliminacion de documentacion institucional | mrivas [] {"uid":"899b847"}
[2019-03-03 17:21:45] dyd-backend-app.INFO: Eliminacion de documentacion institucional | mrivas [] {"uid":"de6c92f"}
[2019-03-03 17:22:43] dyd-backend-app.INFO: Eliminacion de documentacion institucional | mrivas [] {"uid":"96e8b1c"}
[2019-03-03 17:23:27] dyd-backend-app.INFO: Eliminacion de documentacion institucional | mrivas [] {"uid":"46d4949"}
[2019-03-03 18:13:33] dyd-backend-app.INFO: Eliminacion de usuario | mrivas [] {"uid":"184b96a"}
[2019-03-03 18:13:34] dyd-backend-app.INFO: Eliminacion de usuario | mrivas [] {"uid":"4cfd001"}
[2019-03-03 18:13:35] dyd-backend-app.INFO: Eliminacion de usuario | mrivas [] {"uid":"400e5c7"}
[2019-03-04 09:05:46] dyd-backend-app.INFO: Ingreso | mrivas [] {"uid":"dcf89e0"}
>>>>>>> d166beb6cc4984004a6a530b834dcaed968b7fe6
[2019-03-07 08:00:26] dyd-backend-app.INFO: Ingreso | mrivas [] {"uid":"cf31711"}
[2019-03-07 08:00:26] dyd-backend-app.INFO: Ingreso | mrivas [] {"uid":"bd71b7e"}
[2019-03-07 08:51:39] dyd-backend-app.INFO: Ingreso | mrivas [] {"uid":"78f45f9"}
[2019-03-07 08:53:55] dyd-backend-app.INFO: Ingreso | mrivas [] {"uid":"3fd89d9"}
[2019-03-07 16:00:26] dyd-backend-app.INFO: Ingreso | mrivas [] {"uid":"a4ad895"}
[2019-03-08 11:50:38] dyd-backend-app.INFO: Ingreso | mrivas [] {"uid":"10e1dd7"}
[2019-03-08 11:51:37] dyd-backend-app.INFO: Ingreso | mrivas [] {"uid":"aaf9ad3"}
[2019-03-08 11:51:37] dyd-backend-app.INFO: Ingreso | mrivas [] {"uid":"c7e1bf8"}
[2019-03-08 11:52:30] dyd-backend-app.INFO: Ingreso | mrivas [] {"uid":"c4165f0"}
[2019-03-08 11:52:30] dyd-backend-app.INFO: Ingreso | mrivas [] {"uid":"8d02bc0"}
[2019-03-08 11:53:09] dyd-backend-app.INFO: Ingreso | mrivas [] {"uid":"3e29777"}
[2019-03-08 11:53:09] dyd-backend-app.INFO: Ingreso | mrivas [] {"uid":"3fa77c1"}
[2019-03-08 11:53:52] dyd-backend-app.INFO: Ingreso | mrivas [] {"uid":"b6d2cfa"}
[2019-03-08 11:53:52] dyd-backend-app.INFO: Ingreso | mrivas [] {"uid":"ef82ec9"}
[2019-03-08 11:54:34] dyd-backend-app.INFO: Ingreso | mrivas [] {"uid":"cc2203e"}
[2019-03-08 11:54:34] dyd-backend-app.INFO: Ingreso | mrivas [] {"uid":"e381fd6"}
[2019-03-08 11:55:20] dyd-backend-app.INFO: Ingreso | mrivas [] {"uid":"9b4bd7d"}
[2019-03-08 11:55:20] dyd-backend-app.INFO: Ingreso | mrivas [] {"uid":"86d6c90"}
[2019-03-08 11:57:45] dyd-backend-app.INFO: Ingreso | mrivas [] {"uid":"5a0dca8"}
[2019-03-08 11:57:45] dyd-backend-app.INFO: Ingreso | mrivas [] {"uid":"0ba1356"}
[2019-03-08 11:58:17] dyd-backend-app.INFO: Ingreso | mrivas [] {"uid":"3951e83"}
[2019-03-08 11:58:17] dyd-backend-app.INFO: Ingreso | mrivas [] {"uid":"0261aae"}
[2019-03-08 11:59:14] dyd-backend-app.INFO: Ingreso | mrivas [] {"uid":"65870d9"}
[2019-03-08 11:59:15] dyd-backend-app.INFO: Ingreso | mrivas [] {"uid":"08d9820"}
[2019-03-08 12:14:41] dyd-backend-app.INFO: Eliminacion de usuario | mrivas [] {"uid":"8ef9bbc"}
[2019-03-08 12:15:43] dyd-backend-app.INFO: Eliminacion de producto | mrivas [] {"uid":"08ded5b"}
[2019-03-08 12:15:51] dyd-backend-app.INFO: Eliminacion de publicacion | mrivas [] {"uid":"83c1c88"}
[2019-03-08 12:20:12] dyd-backend-app.INFO: Eliminacion de curso | mrivas [] {"uid":"19af8ac"}
[2019-03-08 14:03:10] dyd-backend-app.INFO: Eliminacion de documentacion institucional | mrivas [] {"uid":"da7e06b"}
[2019-03-08 14:11:27] dyd-backend-app.INFO: Eliminacion de documentacion institucional | mrivas [] {"uid":"8c038e0"}
[2019-03-08 14:11:28] dyd-backend-app.INFO: Eliminacion de documentacion institucional | mrivas [] {"uid":"2958e73"}
[2019-03-08 14:11:29] dyd-backend-app.INFO: Eliminacion de documentacion institucional | mrivas [] {"uid":"a2645bb"}
[2019-03-08 14:11:30] dyd-backend-app.INFO: Eliminacion de documentacion institucional | mrivas [] {"uid":"ef5e22f"}
[2019-03-08 14:11:30] dyd-backend-app.INFO: Eliminacion de documentacion institucional | mrivas [] {"uid":"4fef929"}
[2019-03-08 14:11:30] dyd-backend-app.INFO: Eliminacion de documentacion institucional | mrivas [] {"uid":"4b62a8f"}
[2019-03-08 14:11:31] dyd-backend-app.INFO: Eliminacion de documentacion institucional | mrivas [] {"uid":"69502e0"}
[2019-03-08 14:11:31] dyd-backend-app.INFO: Eliminacion de documentacion institucional | mrivas [] {"uid":"df2a037"}
[2019-03-08 14:11:31] dyd-backend-app.INFO: Eliminacion de documentacion institucional | mrivas [] {"uid":"003ea66"}
[2019-03-08 14:11:32] dyd-backend-app.INFO: Eliminacion de documentacion institucional | mrivas [] {"uid":"f617bec"}
[2019-03-08 14:11:45] dyd-backend-app.INFO: Eliminacion de documentacion institucional | mrivas [] {"uid":"5cea109"}
[2019-03-08 14:11:45] dyd-backend-app.INFO: Eliminacion de documentacion institucional | mrivas [] {"uid":"a3fede2"}
[2019-03-08 14:13:28] dyd-backend-app.INFO: Eliminacion de documentacion institucional | mrivas [] {"uid":"3887a0a"}
[2019-03-08 14:13:29] dyd-backend-app.INFO: Eliminacion de documentacion institucional | mrivas [] {"uid":"b98227e"}
[2019-03-09 08:17:38] dyd-backend-app.INFO: Ingreso | mrivas [] {"uid":"3d1a2b0"}
[2019-03-09 08:17:38] dyd-backend-app.INFO: Ingreso | mrivas [] {"uid":"f0f20f4"}
[2019-03-09 09:01:27] dyd-backend-app.INFO: Eliminacion de documentacion institucional | mrivas [] {"uid":"315641a"}
[2019-03-09 09:53:42] dyd-backend-app.INFO: Eliminacion de servicio | mrivas [] {"uid":"d5bdff8"}
[2019-03-09 10:10:03] dyd-backend-app.INFO: Eliminacion de publicacion | mrivas [] {"uid":"a491917"}
